# JRE version: Java(TM) SE Runtime Environment (8.0_351-b10) (build 1.8.0_351-b10)
# Java VM: Java HotSpot(TM) Client VM (25.351-b10 mixed mode, sharing windows-x86 )
Heap:
 def new generation   total 26304K, used 8773K [0x04a00000, 0x06680000, 0x09f50000)
  eden space 23424K,  25% used [0x04a00000, 0x04fc14f8, 0x060e0000)
  from space 2880K, 100% used [0x063b0000, 0x06680000, 0x06680000)
  to   space 2880K,   0% used [0x060e0000, 0x060e0000, 0x063b0000)
 tenured generation   total 58300K, used 39656K [0x09f50000, 0x0d83f000, 0x14a00000)
   the space 58300K,  68% used [0x09f50000, 0x0c60a038, 0x0c60a200, 0x0d83f000)
 Metaspace       used 5731K, capacity 6377K, committed 6528K, reserved 6528K
GC Heap History (10 events):
Event: 4.604 GC heap before
{Heap before GC invocations=15 (full 2):
 def new generation   total 15552K, used 13824K [0x04a00000, 0x05ae0000, 0x09f50000)
  eden space 13824K, 100% used [0x04a00000, 0x05780000, 0x05780000)
  from space 1728K,   0% used [0x05780000, 0x05780000, 0x05930000)
  to   space 1728K,   0% used [0x05930000, 0x05930000, 0x05ae0000)
 tenured generation   total 34468K, used 20679K [0x09f50000, 0x0c0f9000, 0x14a00000)
   the space 34468K,  59% used [0x09f50000, 0x0b381c60, 0x0b381e00, 0x0c0f9000)
 Metaspace       used 4339K, capacity 5697K, committed 5760K, reserved 6528K
Event: 4.611 GC heap after
Heap after GC invocations=16 (full 2):
 def new generation   total 15552K, used 1728K [0x04a00000, 0x05ae0000, 0x09f50000)
  eden space 13824K,   0% used [0x04a00000, 0x04a00000, 0x05780000)
  from space 1728K, 100% used [0x05930000, 0x05ae0000, 0x05ae0000)
  to   space 1728K,   0% used [0x05780000, 0x05780000, 0x05930000)
 tenured generation   total 34468K, used 23766K [0x09f50000, 0x0c0f9000, 0x14a00000)
   the space 34468K,  68% used [0x09f50000, 0x0b685820, 0x0b685a00, 0x0c0f9000)
 Metaspace       used 4339K, capacity 5697K, committed 5760K, reserved 6528K
}
Event: 5.745 GC heap before
{Heap before GC invocations=16 (full 2):
 def new generation   total 15552K, used 15552K [0x04a00000, 0x05ae0000, 0x09f50000)
  eden space 13824K, 100% used [0x04a00000, 0x05780000, 0x05780000)
  from space 1728K, 100% used [0x05930000, 0x05ae0000, 0x05ae0000)
  to   space 1728K,   0% used [0x05780000, 0x05780000, 0x05930000)
 tenured generation   total 34468K, used 23766K [0x09f50000, 0x0c0f9000, 0x14a00000)
   the space 34468K,  68% used [0x09f50000, 0x0b685820, 0x0b685a00, 0x0c0f9000)
 Metaspace       used 5162K, capacity 5828K, committed 5888K, reserved 6528K
Event: 5.762 GC heap after
Heap after GC invocations=17 (full 2):
 def new generation   total 15552K, used 1728K [0x04a00000, 0x05ae0000, 0x09f50000)
  eden space 13824K,   0% used [0x04a00000, 0x04a00000, 0x05780000)
  from space 1728K, 100% used [0x05780000, 0x05930000, 0x05930000)
  to   space 1728K,   0% used [0x05930000, 0x05930000, 0x05ae0000)
 tenured generation   total 34468K, used 27682K [0x09f50000, 0x0c0f9000, 0x14a00000)
   the space 34468K,  80% used [0x09f50000, 0x0ba58a60, 0x0ba58c00, 0x0c0f9000)
 Metaspace       used 5162K, capacity 5828K, committed 5888K, reserved 6528K
}
Event: 5.973 GC heap before
{Heap before GC invocations=17 (full 2):
 def new generation   total 15552K, used 15552K [0x04a00000, 0x05ae0000, 0x09f50000)
  eden space 13824K, 100% used [0x04a00000, 0x05780000, 0x05780000)
  from space 1728K, 100% used [0x05780000, 0x05930000, 0x05930000)
  to   space 1728K,   0% used [0x05930000, 0x05930000, 0x05ae0000)
 tenured generation   total 34468K, used 27682K [0x09f50000, 0x0c0f9000, 0x14a00000)
   the space 34468K,  80% used [0x09f50000, 0x0ba58a60, 0x0ba58c00, 0x0c0f9000)
 Metaspace       used 5379K, capacity 6022K, committed 6144K, reserved 6528K
Event: 5.990 GC heap after
Heap after GC invocations=18 (full 2):
 def new generation   total 15552K, used 1728K [0x04a00000, 0x05ae0000, 0x09f50000)
  eden space 13824K,   0% used [0x04a00000, 0x04a00000, 0x05780000)
  from space 1728K, 100% used [0x05930000, 0x05ae0000, 0x05ae0000)
  to   space 1728K,   0% used [0x05780000, 0x05780000, 0x05930000)
 tenured generation   total 34468K, used 33141K [0x09f50000, 0x0c0f9000, 0x14a00000)
   the space 34468K,  96% used [0x09f50000, 0x0bfad778, 0x0bfad800, 0x0c0f9000)
 Metaspace       used 5379K, capacity 6022K, committed 6144K, reserved 6528K
}
Event: 6.220 GC heap before
{Heap before GC invocations=18 (full 2):
 def new generation   total 15552K, used 15552K [0x04a00000, 0x05ae0000, 0x09f50000)
  eden space 13824K, 100% used [0x04a00000, 0x05780000, 0x05780000)
  from space 1728K, 100% used [0x05930000, 0x05ae0000, 0x05ae0000)
  to   space 1728K,   0% used [0x05780000, 0x05780000, 0x05930000)
 tenured generation   total 34468K, used 33141K [0x09f50000, 0x0c0f9000, 0x14a00000)
   the space 34468K,  96% used [0x09f50000, 0x0bfad778, 0x0bfad800, 0x0c0f9000)
 Metaspace       used 5412K, capacity 6054K, committed 6144K, reserved 6528K
Event: 6.296 GC heap after
Heap after GC invocations=19 (full 3):
 def new generation   total 26304K, used 1256K [0x04a00000, 0x06680000, 0x09f50000)
  eden space 23424K,   5% used [0x04a00000, 0x04b3a068, 0x060e0000)
  from space 2880K,   0% used [0x060e0000, 0x060e0000, 0x063b0000)
  to   space 2880K,   0% used [0x063b0000, 0x063b0000, 0x06680000)
 tenured generation   total 58300K, used 34979K [0x09f50000, 0x0d83f000, 0x14a00000)
   the space 58300K,  59% used [0x09f50000, 0x0c178fc8, 0x0c179000, 0x0d83f000)
 Metaspace       used 5412K, capacity 6054K, committed 6144K, reserved 6528K
}
Event: 12.436 GC heap before
{Heap before GC invocations=19 (full 3):
 def new generation   total 26304K, used 23244K [0x04a00000, 0x06680000, 0x09f50000)
  eden space 23424K,  99% used [0x04a00000, 0x060b3098, 0x060e0000)
  from space 2880K,   0% used [0x060e0000, 0x060e0000, 0x063b0000)
  to   space 2880K,   0% used [0x063b0000, 0x063b0000, 0x06680000)
 tenured generation   total 58300K, used 34979K [0x09f50000, 0x0d83f000, 0x14a00000)
   the space 58300K,  59% used [0x09f50000, 0x0c178fc8, 0x0c179000, 0x0d83f000)
 Metaspace       used 5681K, capacity 6313K, committed 6400K, reserved 6528K
Event: 12.481 GC heap after
Heap after GC invocations=20 (full 3):
 def new generation   total 26304K, used 2880K [0x04a00000, 0x06680000, 0x09f50000)
  eden space 23424K,   0% used [0x04a00000, 0x04a00000, 0x060e0000)
  from space 2880K, 100% used [0x063b0000, 0x06680000, 0x06680000)
  to   space 2880K,   0% used [0x060e0000, 0x060e0000, 0x063b0000)
 tenured generation   total 58300K, used 39656K [0x09f50000, 0x0d83f000, 0x14a00000)
   the space 58300K,  68% used [0x09f50000, 0x0c60a038, 0x0c60a200, 0x0d83f000)
 Metaspace       used 5681K, capacity 6313K, committed 6400K, reserved 6528K
}

