# JRE version: Java(TM) SE Runtime Environment (8.0_351-b10) (build 1.8.0_351-b10)
# Java VM: Java HotSpot(TM) Client VM (25.351-b10 mixed mode windows-x86 )
Heap:
 def new generation   total 15552K, used 7482K [0x04c00000, 0x05ce0000, 0x0a150000)
  eden space 13824K,  54% used [0x04c00000, 0x0534e900, 0x05980000)
  from space 1728K,   0% used [0x05980000, 0x05980000, 0x05b30000)
  to   space 1728K,   0% used [0x05b30000, 0x05b30000, 0x05ce0000)
 tenured generation   total 34460K, used 20675K [0x0a150000, 0x0c2f7000, 0x14c00000)
   the space 34460K,  59% used [0x0a150000, 0x0b580dc0, 0x0b580e00, 0x0c2f7000)
 Metaspace       used 11857K, capacity 12058K, committed 12160K, reserved 12672K
GC Heap History (10 events):
Event: 3.952 GC heap before
{Heap before GC invocations=10 (full 1):
 def new generation   total 9280K, used 8434K [0x04c00000, 0x05610000, 0x0a150000)
  eden space 8256K, 100% used [0x04c00000, 0x05410000, 0x05410000)
  from space 1024K,  17% used [0x05510000, 0x0553c998, 0x05610000)
  to   space 1024K,   0% used [0x05410000, 0x05410000, 0x05510000)
 tenured generation   total 20496K, used 12296K [0x0a150000, 0x0b554000, 0x14c00000)
   the space 20496K,  59% used [0x0a150000, 0x0ad521e8, 0x0ad52200, 0x0b554000)
 Metaspace       used 10830K, capacity 11029K, committed 11136K, reserved 11648K
Event: 3.954 GC heap after
Heap after GC invocations=11 (full 1):
 def new generation   total 9280K, used 887K [0x04c00000, 0x05610000, 0x0a150000)
  eden space 8256K,   0% used [0x04c00000, 0x04c00000, 0x05410000)
  from space 1024K,  86% used [0x05410000, 0x054ede10, 0x05510000)
  to   space 1024K,   0% used [0x05510000, 0x05510000, 0x05610000)
 tenured generation   total 20496K, used 12296K [0x0a150000, 0x0b554000, 0x14c00000)
   the space 20496K,  59% used [0x0a150000, 0x0ad521e8, 0x0ad52200, 0x0b554000)
 Metaspace       used 10830K, capacity 11029K, committed 11136K, reserved 11648K
}
Event: 4.112 GC heap before
{Heap before GC invocations=11 (full 1):
 def new generation   total 9280K, used 9143K [0x04c00000, 0x05610000, 0x0a150000)
  eden space 8256K, 100% used [0x04c00000, 0x05410000, 0x05410000)
  from space 1024K,  86% used [0x05410000, 0x054ede10, 0x05510000)
  to   space 1024K,   0% used [0x05510000, 0x05510000, 0x05610000)
 tenured generation   total 20496K, used 12296K [0x0a150000, 0x0b554000, 0x14c00000)
   the space 20496K,  59% used [0x0a150000, 0x0ad521e8, 0x0ad52200, 0x0b554000)
 Metaspace       used 11095K, capacity 11288K, committed 11392K, reserved 11648K
Event: 4.125 GC heap after
Heap after GC invocations=12 (full 1):
 def new generation   total 9280K, used 1024K [0x04c00000, 0x05610000, 0x0a150000)
  eden space 8256K,   0% used [0x04c00000, 0x04c00000, 0x05410000)
  from space 1024K, 100% used [0x05510000, 0x05610000, 0x05610000)
  to   space 1024K,   0% used [0x05410000, 0x05410000, 0x05510000)
 tenured generation   total 20496K, used 14874K [0x0a150000, 0x0b554000, 0x14c00000)
   the space 20496K,  72% used [0x0a150000, 0x0afd6b58, 0x0afd6c00, 0x0b554000)
 Metaspace       used 11095K, capacity 11288K, committed 11392K, reserved 11648K
}
Event: 4.159 GC heap before
{Heap before GC invocations=12 (full 1):
 def new generation   total 9280K, used 9280K [0x04c00000, 0x05610000, 0x0a150000)
  eden space 8256K, 100% used [0x04c00000, 0x05410000, 0x05410000)
  from space 1024K, 100% used [0x05510000, 0x05610000, 0x05610000)
  to   space 1024K,   0% used [0x05410000, 0x05410000, 0x05510000)
 tenured generation   total 20496K, used 14874K [0x0a150000, 0x0b554000, 0x14c00000)
   the space 20496K,  72% used [0x0a150000, 0x0afd6b58, 0x0afd6c00, 0x0b554000)
 Metaspace       used 11184K, capacity 11384K, committed 11520K, reserved 11648K
Event: 4.166 GC heap after
Heap after GC invocations=13 (full 1):
 def new generation   total 9280K, used 1024K [0x04c00000, 0x05610000, 0x0a150000)
  eden space 8256K,   0% used [0x04c00000, 0x04c00000, 0x05410000)
  from space 1024K, 100% used [0x05410000, 0x05510000, 0x05510000)
  to   space 1024K,   0% used [0x05510000, 0x05510000, 0x05610000)
 tenured generation   total 20496K, used 16173K [0x0a150000, 0x0b554000, 0x14c00000)
   the space 20496K,  78% used [0x0a150000, 0x0b11b630, 0x0b11b800, 0x0b554000)
 Metaspace       used 11184K, capacity 11384K, committed 11520K, reserved 11648K
}
Event: 4.311 GC heap before
{Heap before GC invocations=13 (full 1):
 def new generation   total 9280K, used 9280K [0x04c00000, 0x05610000, 0x0a150000)
  eden space 8256K, 100% used [0x04c00000, 0x05410000, 0x05410000)
  from space 1024K, 100% used [0x05410000, 0x05510000, 0x05510000)
  to   space 1024K,   0% used [0x05510000, 0x05510000, 0x05610000)
 tenured generation   total 20496K, used 16173K [0x0a150000, 0x0b554000, 0x14c00000)
   the space 20496K,  78% used [0x0a150000, 0x0b11b630, 0x0b11b800, 0x0b554000)
 Metaspace       used 11446K, capacity 11677K, committed 11776K, reserved 12672K
Event: 4.319 GC heap after
Heap after GC invocations=14 (full 1):
 def new generation   total 9280K, used 1024K [0x04c00000, 0x05610000, 0x0a150000)
  eden space 8256K,   0% used [0x04c00000, 0x04c00000, 0x05410000)
  from space 1024K, 100% used [0x05510000, 0x05610000, 0x05610000)
  to   space 1024K,   0% used [0x05410000, 0x05410000, 0x05510000)
 tenured generation   total 20496K, used 19357K [0x0a150000, 0x0b554000, 0x14c00000)
   the space 20496K,  94% used [0x0a150000, 0x0b437558, 0x0b437600, 0x0b554000)
 Metaspace       used 11446K, capacity 11677K, committed 11776K, reserved 12672K
}
Event: 4.508 GC heap before
{Heap before GC invocations=14 (full 1):
 def new generation   total 9280K, used 9274K [0x04c00000, 0x05610000, 0x0a150000)
  eden space 8256K,  99% used [0x04c00000, 0x0540e828, 0x05410000)
  from space 1024K, 100% used [0x05510000, 0x05610000, 0x05610000)
  to   space 1024K,   0% used [0x05410000, 0x05410000, 0x05510000)
 tenured generation   total 20496K, used 19357K [0x0a150000, 0x0b554000, 0x14c00000)
   the space 20496K,  94% used [0x0a150000, 0x0b437558, 0x0b437600, 0x0b554000)
 Metaspace       used 11481K, capacity 11709K, committed 11904K, reserved 12672K
Event: 4.587 GC heap after
Heap after GC invocations=15 (full 2):
 def new generation   total 15552K, used 0K [0x04c00000, 0x05ce0000, 0x0a150000)
  eden space 13824K,   0% used [0x04c00000, 0x04c00000, 0x05980000)
  from space 1728K,   0% used [0x05980000, 0x05980000, 0x05b30000)
  to   space 1728K,   0% used [0x05b30000, 0x05b30000, 0x05ce0000)
 tenured generation   total 34460K, used 20675K [0x0a150000, 0x0c2f7000, 0x14c00000)
   the space 34460K,  59% used [0x0a150000, 0x0b580dc0, 0x0b580e00, 0x0c2f7000)
 Metaspace       used 11477K, capacity 11696K, committed 11904K, reserved 12672K
}

